FiFo-Seq vs. Bounded-FiFo Evaluation
====================================

Checking environment
--------------------
 * locating `c2s` .......... √ (using `bin/c2s`)
 * locating `Boogie` .......... √ (using `/Users/mje/bin/BoogieClient.ruby`)
 * creating `test-log` .......... √

case = `./src/test/cp/case-posts-1.cp`,
unroll = 10, timeout = 30s
N / FiFo-Seq(1) / .. / FiFo-Seq(4) / Bounded FiFo(N)
--------------------------------------------------------
1	1.418	1.049	1.042	1.006	1.004
2	1.016	1.026	1.018	1.065	1.181
3	1.099	1.168	1.119	1.114	1.076
4	1.041	1.090	1.054	1.059	1.119
5	1.063	1.088	1.099	1.100	1.152
6	1.066	1.200	1.188	1.200	1.280
7	1.069	1.351	1.320	1.368	1.603
8	1.094	1.628	1.611	1.605	2.575
9	1.134	2.145	2.070	2.153	6.644
10	1.156	3.115	3.028	3.504	23.045

case = `./src/test/cp/case-posts-2.cp`,
unroll = 10, timeout = 30s
N / FiFo-Seq(1) / .. / FiFo-Seq(4) / Bounded FiFo(N)
--------------------------------------------------------
1	1.042	1.008	1.024	1.015	1.025
2	1.015	1.012	0.995	1.021	1.058
3	1.024	1.041	1.071	1.101	1.136
4	1.041	1.145	1.150	1.146	1.648
5	1.039	1.310	1.286	1.312	5.201
6	1.102	1.708	1.818	1.988	T/O
7	1.117	2.931	2.880	3.032	T/O
8	1.146	6.530	6.662	7.236	S
9	1.271	19.073	19.315	21.073	S
10	1.320	T/O 	T/O 	T/O 	S

case = `./src/test/cp/case-posts-3.cp`,
unroll = 10, timeout = 30s
N / FiFo-Seq(1) / .. / FiFo-Seq(4) / Bounded FiFo(N)
--------------------------------------------------------
1	1.041	1.009	1.012	1.015	1.012
2	1.024	1.021	1.039	1.055	1.074
3	1.043	1.191	1.188	1.203	1.447
4	1.079	1.256	1.269	1.253	5.362
5	1.121	1.748	1.720	1.736	T/O
6	1.122	3.424	3.165	3.563	T/O
7	1.199	9.610	9.007	9.992	S
8	1.207	T/O	T/O	T/O	S
9	1.287	T/O	T/O	T/O	S
10	1.349	S	S	S	S

case = `./src/test/cp/case-posts-4.cp`,
unroll = 10, timeout = 30s
N / FiFo-Seq(1) / .. / FiFo-Seq(4) / Bounded FiFo(N)
--------------------------------------------------------
1	1.026	1.018	1.005	1.026	1.004
2	1.016	1.018	1.027	1.079	1.081
3	1.028	1.136	1.258	1.279	2.078
4	1.054	1.434	1.447	1.500	27.419
5	1.093	2.578	2.476	2.531	T/O
6	1.150	7.257	7.878	7.281	T/O
7	1.359	T/O	T/O	T/O	S
8	1.251	T/O	T/O	T/O	S
9	1.354	S	S	S	S
10	1.447	S	S	S	S

case = `./src/test/cp/case-posts-5.cp`,
unroll = 10, timeout = 30s
N / FiFo-Seq(1) / .. / FiFo-Seq(4) / Bounded FiFo(N)
--------------------------------------------------------
1	1.031	1.006	1.010	1.029	1.033
2	1.132	1.144	1.141	1.107	1.235
3	1.082	1.168	1.198	1.172	3.041
4	1.100	1.668	1.709	1.725	T/O
5	1.149	3.869	3.666	3.718	T/O
6	1.172	15.452	14.569	16.121	S
7	1.241	T/O	T/O	T/O	S
8	1.317	T/O	T/O	T/O	S
9	1.639	S	S	S	S
10	1.717	S	S	S	S

case = `./src/test/cp/fact.fifo.cp`,
unroll = 10, timeout = 30s
N / FiFo-Seq(1) / .. / FiFo-Seq(4) / Bounded FiFo(N)
--------------------------------------------------------
1	1.085	1.027	1.003	1.011	1.037
2	0.980	1.013	1.017	1.036	1.049
3	0.982	0.994	1.012	1.046	1.094
4	0.980	1.005	1.010	1.079	1.147
5	1.003	1.001	1.032	1.045	1.281
6	1.004	1.002	1.022	1.043	1.472
7	0.993	0.979	1.031	1.057	1.708
8	0.992	1.024	1.014	1.067	2.189
9	0.987	0.997	1.015	1.034	3.032
10	1.002	1.112	1.110	1.133	4.210

case = `./src/test/cp/fifo-filler.cp`,
unroll = 10, timeout = 30s
N / FiFo-Seq(1) / .. / FiFo-Seq(4) / Bounded FiFo(N)
--------------------------------------------------------
1	1.006	1.009	1.033	1.022	1.013
2	1.019	1.012	1.038	1.033	1.064
3	1.020	1.004	1.083	1.176	1.058
4	1.021	1.092	1.196	1.377	1.073
5	1.027	1.105	1.324	1.701	1.115
6	1.063	1.159	1.591	2.184	1.228
7	1.094	1.212	1.820	2.850	1.324
8	1.092	1.310	2.179	3.751	1.637
9	1.217	1.522	2.777	4.908	1.656
10	1.125	1.469	3.140	6.489	1.912